2023-11-15T08:05:27.609+01:00  INFO 3423 --- [main] c.n.springboot.repositories.RatingTests  : Starting RatingTests using Java 19.0.1 with PID 3423 (started by marierodiet in /Users/marierodiet/Desktop/Computer Programming/OC-Java/P7/Poseidon_Capital_Solutions/Poseiden-skeleton)
2023-11-15T08:05:27.627+01:00  INFO 3423 --- [main] c.n.springboot.repositories.RatingTests  : No active profile set, falling back to 1 default profile: "default"
2023-11-15T08:05:28.664+01:00  INFO 3423 --- [main] .s.d.r.c.RepositoryConfigurationDelegate : Bootstrapping Spring Data JPA repositories in DEFAULT mode.
2023-11-15T08:05:28.778+01:00  INFO 3423 --- [main] .s.d.r.c.RepositoryConfigurationDelegate : Finished Spring Data repository scanning in 95 ms. Found 6 JPA repository interfaces.
2023-11-15T08:05:29.503+01:00  INFO 3423 --- [main] o.hibernate.jpa.internal.util.LogHelper  : HHH000204: Processing PersistenceUnitInfo [name: default]
2023-11-15T08:05:29.588+01:00  INFO 3423 --- [main] org.hibernate.Version                    : HHH000412: Hibernate ORM core version 6.2.2.Final
2023-11-15T08:05:29.591+01:00  INFO 3423 --- [main] org.hibernate.cfg.Environment            : HHH000406: Using bytecode reflection optimizer
2023-11-15T08:05:29.785+01:00  INFO 3423 --- [main] o.h.b.i.BytecodeProviderInitiator        : HHH000021: Bytecode provider name : bytebuddy
2023-11-15T08:05:30.013+01:00  INFO 3423 --- [main] o.s.o.j.p.SpringPersistenceUnitInfo      : No LoadTimeWeaver setup: ignoring JPA class transformer
2023-11-15T08:05:30.040+01:00  INFO 3423 --- [main] com.zaxxer.hikari.HikariDataSource       : HikariPool-1 - Starting...
2023-11-15T08:05:30.287+01:00  INFO 3423 --- [main] com.zaxxer.hikari.pool.HikariPool        : HikariPool-1 - Added connection conn0: url=jdbc:h2:mem:poseidon user=ROOT
2023-11-15T08:05:30.290+01:00  INFO 3423 --- [main] com.zaxxer.hikari.HikariDataSource       : HikariPool-1 - Start completed.
2023-11-15T08:05:30.324+01:00  INFO 3423 --- [main] org.hibernate.orm.dialect                : HHH035001: Using dialect: org.hibernate.dialect.H2Dialect, version: 2.1.214
2023-11-15T08:05:30.616+01:00  INFO 3423 --- [main] o.h.b.i.BytecodeProviderInitiator        : HHH000021: Bytecode provider name : bytebuddy
2023-11-15T08:05:31.537+01:00  INFO 3423 --- [main] o.h.e.t.j.p.i.JtaPlatformInitiator       : HHH000490: Using JtaPlatform implementation: [org.hibernate.engine.transaction.jta.platform.internal.NoJtaPlatform]
2023-11-15T08:05:31.612+01:00  INFO 3423 --- [main] j.LocalContainerEntityManagerFactoryBean : Initialized JPA EntityManagerFactory for persistence unit 'default'
2023-11-15T08:05:32.357+01:00  WARN 3423 --- [main] JpaBaseConfiguration$JpaWebConfiguration : spring.jpa.open-in-view is enabled by default. Therefore, database queries may be performed during view rendering. Explicitly configure spring.jpa.open-in-view to disable this warning
2023-11-15T08:05:32.926+01:00  INFO 3423 --- [main] o.s.s.web.DefaultSecurityFilterChain     : Will secure any request with [org.springframework.security.web.session.DisableEncodeUrlFilter@22e650e, org.springframework.security.web.context.request.async.WebAsyncManagerIntegrationFilter@30a79476, org.springframework.security.web.context.SecurityContextHolderFilter@53570fff, org.springframework.security.web.authentication.logout.LogoutFilter@33cec966, org.springframework.security.oauth2.client.web.OAuth2AuthorizationRequestRedirectFilter@35599228, org.springframework.security.oauth2.client.web.OAuth2LoginAuthenticationFilter@51ac72f7, org.springframework.security.web.authentication.UsernamePasswordAuthenticationFilter@20dc763b, org.springframework.security.web.authentication.ui.DefaultLoginPageGeneratingFilter@93c66ef, org.springframework.security.web.authentication.ui.DefaultLogoutPageGeneratingFilter@376bae20, org.springframework.security.web.savedrequest.RequestCacheAwareFilter@3c7787a7, org.springframework.security.web.servletapi.SecurityContextHolderAwareRequestFilter@46baac0d, org.springframework.security.web.authentication.AnonymousAuthenticationFilter@37f0fb02, org.springframework.security.web.access.ExceptionTranslationFilter@3328db4f, org.springframework.security.web.access.intercept.AuthorizationFilter@1ece052b]
2023-11-15T08:05:33.358+01:00  INFO 3423 --- [main] o.s.b.a.h2.H2ConsoleAutoConfiguration    : H2 console available at '/h2-console'. Database available at 'jdbc:h2:mem:poseidon'
2023-11-15T08:05:33.483+01:00  INFO 3423 --- [main] c.n.springboot.repositories.RatingTests  : Started RatingTests in 6.305 seconds (process running for 8.654)
2023-11-15T08:05:35.669+01:00  INFO 3423 --- [SpringApplicationShutdownHook] j.LocalContainerEntityManagerFactoryBean : Closing JPA EntityManagerFactory for persistence unit 'default'
2023-11-15T08:05:35.672+01:00  INFO 3423 --- [SpringApplicationShutdownHook] com.zaxxer.hikari.HikariDataSource       : HikariPool-1 - Shutdown initiated...
2023-11-15T08:05:35.675+01:00  INFO 3423 --- [SpringApplicationShutdownHook] com.zaxxer.hikari.HikariDataSource       : HikariPool-1 - Shutdown completed.
2023-11-15T08:05:46.026+01:00  INFO 3597 --- [restartedMain] com.nnk.springboot.Application           : Starting Application using Java 19.0.1 with PID 3597 (/Users/marierodiet/Desktop/Computer Programming/OC-Java/P7/Poseidon_Capital_Solutions/Poseiden-skeleton/target/classes started by marierodiet in /Users/marierodiet/Desktop/Computer Programming/OC-Java/P7/Poseidon_Capital_Solutions/Poseiden-skeleton)
2023-11-15T08:05:46.029+01:00  INFO 3597 --- [restartedMain] com.nnk.springboot.Application           : No active profile set, falling back to 1 default profile: "default"
2023-11-15T08:05:46.111+01:00  INFO 3597 --- [restartedMain] .e.DevToolsPropertyDefaultsPostProcessor : Devtools property defaults active! Set 'spring.devtools.add-properties' to 'false' to disable
2023-11-15T08:05:46.111+01:00  INFO 3597 --- [restartedMain] .e.DevToolsPropertyDefaultsPostProcessor : For additional web related logging consider setting the 'logging.level.web' property to 'DEBUG'
2023-11-15T08:05:47.000+01:00  INFO 3597 --- [restartedMain] .s.d.r.c.RepositoryConfigurationDelegate : Bootstrapping Spring Data JPA repositories in DEFAULT mode.
2023-11-15T08:05:47.082+01:00  INFO 3597 --- [restartedMain] .s.d.r.c.RepositoryConfigurationDelegate : Finished Spring Data repository scanning in 74 ms. Found 6 JPA repository interfaces.
2023-11-15T08:05:48.015+01:00  INFO 3597 --- [restartedMain] o.s.b.w.embedded.tomcat.TomcatWebServer  : Tomcat initialized with port(s): 8080 (http)
2023-11-15T08:05:48.031+01:00  INFO 3597 --- [restartedMain] o.apache.catalina.core.StandardService   : Starting service [Tomcat]
2023-11-15T08:05:48.031+01:00  INFO 3597 --- [restartedMain] o.apache.catalina.core.StandardEngine    : Starting Servlet engine: [Apache Tomcat/10.1.8]
2023-11-15T08:05:48.106+01:00  INFO 3597 --- [restartedMain] o.a.c.c.C.[Tomcat].[localhost].[/]       : Initializing Spring embedded WebApplicationContext
2023-11-15T08:05:48.106+01:00  INFO 3597 --- [restartedMain] w.s.c.ServletWebServerApplicationContext : Root WebApplicationContext: initialization completed in 1994 ms
2023-11-15T08:05:48.140+01:00  INFO 3597 --- [restartedMain] com.zaxxer.hikari.HikariDataSource       : HikariPool-1 - Starting...
2023-11-15T08:05:48.349+01:00  INFO 3597 --- [restartedMain] com.zaxxer.hikari.pool.HikariPool        : HikariPool-1 - Added connection conn0: url=jdbc:h2:mem:poseidon user=ROOT
2023-11-15T08:05:48.351+01:00  INFO 3597 --- [restartedMain] com.zaxxer.hikari.HikariDataSource       : HikariPool-1 - Start completed.
2023-11-15T08:05:48.376+01:00  INFO 3597 --- [restartedMain] o.s.b.a.h2.H2ConsoleAutoConfiguration    : H2 console available at '/h2-console'. Database available at 'jdbc:h2:mem:poseidon'
2023-11-15T08:05:48.533+01:00  INFO 3597 --- [restartedMain] o.hibernate.jpa.internal.util.LogHelper  : HHH000204: Processing PersistenceUnitInfo [name: default]
2023-11-15T08:05:48.589+01:00  INFO 3597 --- [restartedMain] org.hibernate.Version                    : HHH000412: Hibernate ORM core version 6.2.2.Final
2023-11-15T08:05:48.591+01:00  INFO 3597 --- [restartedMain] org.hibernate.cfg.Environment            : HHH000406: Using bytecode reflection optimizer
2023-11-15T08:05:48.712+01:00  INFO 3597 --- [restartedMain] o.h.b.i.BytecodeProviderInitiator        : HHH000021: Bytecode provider name : bytebuddy
2023-11-15T08:05:48.858+01:00  INFO 3597 --- [restartedMain] o.s.o.j.p.SpringPersistenceUnitInfo      : No LoadTimeWeaver setup: ignoring JPA class transformer
2023-11-15T08:05:48.895+01:00  INFO 3597 --- [restartedMain] org.hibernate.orm.dialect                : HHH035001: Using dialect: org.hibernate.dialect.H2Dialect, version: 2.1.214
2023-11-15T08:05:49.125+01:00  INFO 3597 --- [restartedMain] o.h.b.i.BytecodeProviderInitiator        : HHH000021: Bytecode provider name : bytebuddy
2023-11-15T08:05:49.901+01:00  INFO 3597 --- [restartedMain] o.h.e.t.j.p.i.JtaPlatformInitiator       : HHH000490: Using JtaPlatform implementation: [org.hibernate.engine.transaction.jta.platform.internal.NoJtaPlatform]
2023-11-15T08:05:49.975+01:00  INFO 3597 --- [restartedMain] j.LocalContainerEntityManagerFactoryBean : Initialized JPA EntityManagerFactory for persistence unit 'default'
2023-11-15T08:05:50.643+01:00  WARN 3597 --- [restartedMain] JpaBaseConfiguration$JpaWebConfiguration : spring.jpa.open-in-view is enabled by default. Therefore, database queries may be performed during view rendering. Explicitly configure spring.jpa.open-in-view to disable this warning
2023-11-15T08:05:50.985+01:00  INFO 3597 --- [restartedMain] o.s.s.web.DefaultSecurityFilterChain     : Will secure any request with [org.springframework.security.web.session.DisableEncodeUrlFilter@47057b80, org.springframework.security.web.context.request.async.WebAsyncManagerIntegrationFilter@2c167deb, org.springframework.security.web.context.SecurityContextHolderFilter@b509f98, org.springframework.security.web.authentication.logout.LogoutFilter@56843da2, org.springframework.security.oauth2.client.web.OAuth2AuthorizationRequestRedirectFilter@138e3c6c, org.springframework.security.oauth2.client.web.OAuth2LoginAuthenticationFilter@330b1e7d, org.springframework.security.web.authentication.UsernamePasswordAuthenticationFilter@6ccfe0e9, org.springframework.security.web.authentication.ui.DefaultLoginPageGeneratingFilter@159b6cb6, org.springframework.security.web.authentication.ui.DefaultLogoutPageGeneratingFilter@8019637, org.springframework.security.web.savedrequest.RequestCacheAwareFilter@319011f0, org.springframework.security.web.servletapi.SecurityContextHolderAwareRequestFilter@25177569, org.springframework.security.web.authentication.AnonymousAuthenticationFilter@7f0c2be0, org.springframework.security.web.access.ExceptionTranslationFilter@11a0a6aa, org.springframework.security.web.access.intercept.AuthorizationFilter@79f1ab0f]
2023-11-15T08:05:51.263+01:00  INFO 3597 --- [restartedMain] o.s.b.d.a.OptionalLiveReloadServer       : LiveReload server is running on port 35729
2023-11-15T08:05:51.301+01:00  INFO 3597 --- [restartedMain] o.s.b.w.embedded.tomcat.TomcatWebServer  : Tomcat started on port(s): 8080 (http) with context path ''
2023-11-15T08:05:51.311+01:00  INFO 3597 --- [restartedMain] com.nnk.springboot.Application           : Started Application in 5.861 seconds (process running for 6.495)
2023-11-15T08:07:54.281+01:00  INFO 3597 --- [http-nio-8080-exec-1] o.a.c.c.C.[Tomcat].[localhost].[/]       : Initializing Spring DispatcherServlet 'dispatcherServlet'
2023-11-15T08:07:54.281+01:00  INFO 3597 --- [http-nio-8080-exec-1] o.s.web.servlet.DispatcherServlet        : Initializing Servlet 'dispatcherServlet'
2023-11-15T08:07:54.283+01:00  INFO 3597 --- [http-nio-8080-exec-1] o.s.web.servlet.DispatcherServlet        : Completed initialization in 1 ms
2023-11-15T08:08:00.303+01:00  WARN 3597 --- [http-nio-8080-exec-6] actStandardFragmentInsertionTagProcessor : [THYMELEAF][http-nio-8080-exec-6][bidList/list] Deprecated unwrapped fragment expression "fragments/logo.html :: logo" found in template bidList/list, line 67, col 7. Please use the complete syntax of fragment expressions instead ("~{fragments/logo.html :: logo}"). The old, unwrapped syntax for fragment expressions will be removed in future versions of Thymeleaf.
2023-11-15T08:08:22.057+01:00  WARN 3597 --- [http-nio-8080-exec-8] actStandardFragmentInsertionTagProcessor : [THYMELEAF][http-nio-8080-exec-8][bidList/list] Deprecated unwrapped fragment expression "fragments/logo.html :: logo" found in template bidList/list, line 67, col 7. Please use the complete syntax of fragment expressions instead ("~{fragments/logo.html :: logo}"). The old, unwrapped syntax for fragment expressions will be removed in future versions of Thymeleaf.
2023-11-15T08:08:23.716+01:00  WARN 3597 --- [http-nio-8080-exec-1] actStandardFragmentInsertionTagProcessor : [THYMELEAF][http-nio-8080-exec-1][user/list] Deprecated unwrapped fragment expression "fragments/logo.html :: logo" found in template user/list, line 66, col 8. Please use the complete syntax of fragment expressions instead ("~{fragments/logo.html :: logo}"). The old, unwrapped syntax for fragment expressions will be removed in future versions of Thymeleaf.
2023-11-15T08:08:55.801+01:00  WARN 3597 --- [http-nio-8080-exec-5] actStandardFragmentInsertionTagProcessor : [THYMELEAF][http-nio-8080-exec-5][user/add] Deprecated unwrapped fragment expression "fragments/logo.html :: logo" found in template user/add, line 67, col 7. Please use the complete syntax of fragment expressions instead ("~{fragments/logo.html :: logo}"). The old, unwrapped syntax for fragment expressions will be removed in future versions of Thymeleaf.
2023-11-15T08:09:08.054+01:00  WARN 3597 --- [http-nio-8080-exec-9] actStandardFragmentInsertionTagProcessor : [THYMELEAF][http-nio-8080-exec-9][user/list] Deprecated unwrapped fragment expression "fragments/logo.html :: logo" found in template user/list, line 66, col 8. Please use the complete syntax of fragment expressions instead ("~{fragments/logo.html :: logo}"). The old, unwrapped syntax for fragment expressions will be removed in future versions of Thymeleaf.
2023-11-15T08:17:52.791+01:00  INFO 3597 --- [SpringApplicationShutdownHook] j.LocalContainerEntityManagerFactoryBean : Closing JPA EntityManagerFactory for persistence unit 'default'
2023-11-15T08:17:53.172+01:00  WARN 3597 --- [SpringApplicationShutdownHook] o.s.b.f.support.DisposableBeanAdapter    : Invocation of destroy method failed on bean with name 'inMemoryDatabaseShutdownExecutor': org.h2.jdbc.JdbcSQLNonTransientConnectionException: Database is already closed (to disable automatic closing at VM shutdown, add ";DB_CLOSE_ON_EXIT=FALSE" to the db URL) [90121-214]
2023-11-15T08:17:53.172+01:00  INFO 3597 --- [SpringApplicationShutdownHook] com.zaxxer.hikari.HikariDataSource       : HikariPool-1 - Shutdown initiated...
2023-11-15T08:17:53.294+01:00  INFO 3597 --- [SpringApplicationShutdownHook] com.zaxxer.hikari.HikariDataSource       : HikariPool-1 - Shutdown completed.
2023-11-15T20:25:41.458+01:00  INFO 12178 --- [main] com.nnk.springboot.Application           : Starting Application using Java 19.0.1 with PID 12178 (/Users/marierodiet/Desktop/Computer Programming/OC-Java/P7/Poseidon_Capital_Solutions/Poseiden-skeleton/target/classes started by marierodiet in /Users/marierodiet/Desktop/Computer Programming/OC-Java/P7/Poseidon_Capital_Solutions/Poseiden-skeleton)
2023-11-15T20:25:41.461+01:00  INFO 12178 --- [main] com.nnk.springboot.Application           : No active profile set, falling back to 1 default profile: "default"
2023-11-15T20:25:42.171+01:00  INFO 12178 --- [main] .s.d.r.c.RepositoryConfigurationDelegate : Bootstrapping Spring Data JPA repositories in DEFAULT mode.
2023-11-15T20:25:42.242+01:00  INFO 12178 --- [main] .s.d.r.c.RepositoryConfigurationDelegate : Finished Spring Data repository scanning in 62 ms. Found 6 JPA repository interfaces.
2023-11-15T20:25:42.808+01:00  INFO 12178 --- [main] o.s.b.w.embedded.tomcat.TomcatWebServer  : Tomcat initialized with port(s): 8080 (http)
2023-11-15T20:25:42.816+01:00  INFO 12178 --- [main] o.apache.catalina.core.StandardService   : Starting service [Tomcat]
2023-11-15T20:25:42.816+01:00  INFO 12178 --- [main] o.apache.catalina.core.StandardEngine    : Starting Servlet engine: [Apache Tomcat/10.1.10]
2023-11-15T20:25:42.894+01:00  INFO 12178 --- [main] o.a.c.c.C.[Tomcat].[localhost].[/]       : Initializing Spring embedded WebApplicationContext
2023-11-15T20:25:42.894+01:00  INFO 12178 --- [main] w.s.c.ServletWebServerApplicationContext : Root WebApplicationContext: initialization completed in 1374 ms
2023-11-15T20:25:42.923+01:00  INFO 12178 --- [main] com.zaxxer.hikari.HikariDataSource       : HikariPool-1 - Starting...
2023-11-15T20:25:43.097+01:00  INFO 12178 --- [main] com.zaxxer.hikari.pool.HikariPool        : HikariPool-1 - Added connection conn0: url=jdbc:h2:mem:poseidon user=ROOT
2023-11-15T20:25:43.099+01:00  INFO 12178 --- [main] com.zaxxer.hikari.HikariDataSource       : HikariPool-1 - Start completed.
2023-11-15T20:25:43.112+01:00  INFO 12178 --- [main] o.s.b.a.h2.H2ConsoleAutoConfiguration    : H2 console available at '/h2-console'. Database available at 'jdbc:h2:mem:poseidon'
2023-11-15T20:25:43.261+01:00  INFO 12178 --- [main] o.hibernate.jpa.internal.util.LogHelper  : HHH000204: Processing PersistenceUnitInfo [name: default]
2023-11-15T20:25:43.304+01:00  INFO 12178 --- [main] org.hibernate.Version                    : HHH000412: Hibernate ORM core version 6.2.5.Final
2023-11-15T20:25:43.306+01:00  INFO 12178 --- [main] org.hibernate.cfg.Environment            : HHH000406: Using bytecode reflection optimizer
2023-11-15T20:25:43.409+01:00  INFO 12178 --- [main] o.h.b.i.BytecodeProviderInitiator        : HHH000021: Bytecode provider name : bytebuddy
2023-11-15T20:25:43.547+01:00  INFO 12178 --- [main] o.s.o.j.p.SpringPersistenceUnitInfo      : No LoadTimeWeaver setup: ignoring JPA class transformer
2023-11-15T20:25:43.803+01:00  INFO 12178 --- [main] o.h.b.i.BytecodeProviderInitiator        : HHH000021: Bytecode provider name : bytebuddy
2023-11-15T20:25:44.512+01:00  INFO 12178 --- [main] o.h.e.t.j.p.i.JtaPlatformInitiator       : HHH000490: Using JtaPlatform implementation: [org.hibernate.engine.transaction.jta.platform.internal.NoJtaPlatform]
2023-11-15T20:25:44.564+01:00  INFO 12178 --- [main] j.LocalContainerEntityManagerFactoryBean : Initialized JPA EntityManagerFactory for persistence unit 'default'
2023-11-15T20:25:45.049+01:00  WARN 12178 --- [main] JpaBaseConfiguration$JpaWebConfiguration : spring.jpa.open-in-view is enabled by default. Therefore, database queries may be performed during view rendering. Explicitly configure spring.jpa.open-in-view to disable this warning
2023-11-15T20:25:45.346+01:00  INFO 12178 --- [main] o.s.s.web.DefaultSecurityFilterChain     : Will secure any request with [org.springframework.security.web.session.DisableEncodeUrlFilter@43735ea0, org.springframework.security.web.context.request.async.WebAsyncManagerIntegrationFilter@535aa7c7, org.springframework.security.web.context.SecurityContextHolderFilter@784c74e, org.springframework.security.web.authentication.logout.LogoutFilter@332610ad, org.springframework.security.oauth2.client.web.OAuth2AuthorizationRequestRedirectFilter@28b47211, org.springframework.security.oauth2.client.web.OAuth2LoginAuthenticationFilter@4abb4041, org.springframework.security.web.authentication.UsernamePasswordAuthenticationFilter@2db82155, org.springframework.security.web.authentication.ui.DefaultLoginPageGeneratingFilter@2b98c310, org.springframework.security.web.authentication.ui.DefaultLogoutPageGeneratingFilter@578781f7, org.springframework.security.web.savedrequest.RequestCacheAwareFilter@7e577eed, org.springframework.security.web.servletapi.SecurityContextHolderAwareRequestFilter@5bfeb9ba, org.springframework.security.web.authentication.AnonymousAuthenticationFilter@7bbd944e, org.springframework.security.web.access.ExceptionTranslationFilter@14b9817b, org.springframework.security.web.access.intercept.AuthorizationFilter@5318731f]
2023-11-15T20:25:45.578+01:00  INFO 12178 --- [main] o.s.b.w.embedded.tomcat.TomcatWebServer  : Tomcat started on port(s): 8080 (http) with context path ''
2023-11-15T20:25:45.587+01:00  INFO 12178 --- [main] com.nnk.springboot.Application           : Started Application in 4.72 seconds (process running for 5.137)
2023-11-15T20:26:02.616+01:00  INFO 12178 --- [http-nio-8080-exec-1] o.a.c.c.C.[Tomcat].[localhost].[/]       : Initializing Spring DispatcherServlet 'dispatcherServlet'
2023-11-15T20:26:02.616+01:00  INFO 12178 --- [http-nio-8080-exec-1] o.s.web.servlet.DispatcherServlet        : Initializing Servlet 'dispatcherServlet'
2023-11-15T20:26:02.618+01:00  INFO 12178 --- [http-nio-8080-exec-1] o.s.web.servlet.DispatcherServlet        : Completed initialization in 2 ms
2023-11-15T20:26:07.209+01:00  WARN 12178 --- [http-nio-8080-exec-6] actStandardFragmentInsertionTagProcessor : [THYMELEAF][http-nio-8080-exec-6][bidList/list] Deprecated unwrapped fragment expression "fragments/logo.html :: logo" found in template bidList/list, line 67, col 7. Please use the complete syntax of fragment expressions instead ("~{fragments/logo.html :: logo}"). The old, unwrapped syntax for fragment expressions will be removed in future versions of Thymeleaf.
2023-11-15T20:26:10.650+01:00  WARN 12178 --- [http-nio-8080-exec-1] actStandardFragmentInsertionTagProcessor : [THYMELEAF][http-nio-8080-exec-1][bidList/add] Deprecated unwrapped fragment expression "fragments/logo.html :: logo" found in template bidList/add, line 58, col 7. Please use the complete syntax of fragment expressions instead ("~{fragments/logo.html :: logo}"). The old, unwrapped syntax for fragment expressions will be removed in future versions of Thymeleaf.
2023-11-15T20:26:15.913+01:00  WARN 12178 --- [http-nio-8080-exec-5] actStandardFragmentInsertionTagProcessor : [THYMELEAF][http-nio-8080-exec-5][bidList/list] Deprecated unwrapped fragment expression "fragments/logo.html :: logo" found in template bidList/list, line 67, col 7. Please use the complete syntax of fragment expressions instead ("~{fragments/logo.html :: logo}"). The old, unwrapped syntax for fragment expressions will be removed in future versions of Thymeleaf.
2023-11-15T20:26:18.270+01:00  WARN 12178 --- [http-nio-8080-exec-7] actStandardFragmentInsertionTagProcessor : [THYMELEAF][http-nio-8080-exec-7][curvePoint/list] Deprecated unwrapped fragment expression "fragments/logo.html :: logo" found in template curvePoint/list, line 65, col 8. Please use the complete syntax of fragment expressions instead ("~{fragments/logo.html :: logo}"). The old, unwrapped syntax for fragment expressions will be removed in future versions of Thymeleaf.
2023-11-15T20:26:19.635+01:00  WARN 12178 --- [http-nio-8080-exec-10] actStandardFragmentInsertionTagProcessor : [THYMELEAF][http-nio-8080-exec-10][curvePoint/add] Deprecated unwrapped fragment expression "fragments/logo.html :: logo" found in template curvePoint/add, line 50, col 7. Please use the complete syntax of fragment expressions instead ("~{fragments/logo.html :: logo}"). The old, unwrapped syntax for fragment expressions will be removed in future versions of Thymeleaf.
2023-11-15T20:26:24.248+01:00  WARN 12178 --- [http-nio-8080-exec-5] actStandardFragmentInsertionTagProcessor : [THYMELEAF][http-nio-8080-exec-5][curvePoint/list] Deprecated unwrapped fragment expression "fragments/logo.html :: logo" found in template curvePoint/list, line 65, col 8. Please use the complete syntax of fragment expressions instead ("~{fragments/logo.html :: logo}"). The old, unwrapped syntax for fragment expressions will be removed in future versions of Thymeleaf.
2023-11-15T20:26:34.420+01:00  WARN 12178 --- [http-nio-8080-exec-7] actStandardFragmentInsertionTagProcessor : [THYMELEAF][http-nio-8080-exec-7][trade/list] Deprecated unwrapped fragment expression "fragments/logo.html :: logo" found in template trade/list, line 65, col 8. Please use the complete syntax of fragment expressions instead ("~{fragments/logo.html :: logo}"). The old, unwrapped syntax for fragment expressions will be removed in future versions of Thymeleaf.
2023-11-15T20:26:36.666+01:00  WARN 12178 --- [http-nio-8080-exec-2] actStandardFragmentInsertionTagProcessor : [THYMELEAF][http-nio-8080-exec-2][curvePoint/list] Deprecated unwrapped fragment expression "fragments/logo.html :: logo" found in template curvePoint/list, line 65, col 8. Please use the complete syntax of fragment expressions instead ("~{fragments/logo.html :: logo}"). The old, unwrapped syntax for fragment expressions will be removed in future versions of Thymeleaf.
2023-11-15T20:26:37.726+01:00  WARN 12178 --- [http-nio-8080-exec-5] actStandardFragmentInsertionTagProcessor : [THYMELEAF][http-nio-8080-exec-5][curvePoint/list] Deprecated unwrapped fragment expression "fragments/logo.html :: logo" found in template curvePoint/list, line 65, col 8. Please use the complete syntax of fragment expressions instead ("~{fragments/logo.html :: logo}"). The old, unwrapped syntax for fragment expressions will be removed in future versions of Thymeleaf.
2023-11-15T20:26:38.932+01:00  WARN 12178 --- [http-nio-8080-exec-6] actStandardFragmentInsertionTagProcessor : [THYMELEAF][http-nio-8080-exec-6][bidList/list] Deprecated unwrapped fragment expression "fragments/logo.html :: logo" found in template bidList/list, line 67, col 7. Please use the complete syntax of fragment expressions instead ("~{fragments/logo.html :: logo}"). The old, unwrapped syntax for fragment expressions will be removed in future versions of Thymeleaf.
2023-11-15T20:37:48.530+01:00  INFO 12178 --- [SpringApplicationShutdownHook] j.LocalContainerEntityManagerFactoryBean : Closing JPA EntityManagerFactory for persistence unit 'default'
2023-11-15T20:37:48.533+01:00  INFO 12178 --- [SpringApplicationShutdownHook] com.zaxxer.hikari.HikariDataSource       : HikariPool-1 - Shutdown initiated...
2023-11-15T20:37:48.535+01:00  INFO 12178 --- [SpringApplicationShutdownHook] com.zaxxer.hikari.HikariDataSource       : HikariPool-1 - Shutdown completed.
